C:\USERS\администратор\DOCUMENTS\VISUAL STUDIO 2012\PROJECTS\TORRENT_SEARCHER\TORRENT_SEARCHER\DEBUG\WIDGETFORM.OBJ
C:\USERS\администратор\DOCUMENTS\VISUAL STUDIO 2012\PROJECTS\TORRENT_SEARCHER\TORRENT_SEARCHER\DEBUG\MYFORM.OBJ
C:\USERS\АДМИНИСТРАТОР\DOCUMENTS\VISUAL STUDIO 2012\PROJECTS\TORRENT_SEARCHER\TORRENT_SEARCHER\DEBUG\VC110.PDB
C:\USERS\администратор\DOCUMENTS\VISUAL STUDIO 2012\PROJECTS\TORRENT_SEARCHER\DEBUG\TORRENT_SEARCHER.ILK
C:\USERS\администратор\DOCUMENTS\VISUAL STUDIO 2012\PROJECTS\TORRENT_SEARCHER\DEBUG\TORRENT_SEARCHER.EXE
C:\USERS\АДМИНИСТРАТОР\DOCUMENTS\VISUAL STUDIO 2012\PROJECTS\TORRENT_SEARCHER\DEBUG\TORRENT_SEARCHER.PDB
c:\Users\администратор\documents\visual studio 2012\Projects\torrent_searcher\torrent_searcher\Debug\torrent_searcher.MyForm.resources
c:\Users\администратор\documents\visual studio 2012\Projects\torrent_searcher\torrent_searcher\Debug\torrent_searcher.widgetform.resources
c:\Users\администратор\documents\visual studio 2012\Projects\torrent_searcher\torrent_searcher\Debug\torrent_searcher.vcxproj.GenerateResource.Cache
c:\Users\администратор\documents\visual studio 2012\Projects\torrent_searcher\torrent_searcher\Debug\torrent_searcher.vcxprojResolveAssemblyReference.cache
c:\Users\администратор\documents\visual studio 2012\Projects\torrent_searcher\torrent_searcher\Debug\MyForm.obj
c:\Users\администратор\documents\visual studio 2012\Projects\torrent_searcher\torrent_searcher\Debug\widgetform.obj
c:\Users\администратор\documents\visual studio 2012\Projects\torrent_searcher\torrent_searcher\Debug\cl.command.1.tlog
c:\Users\администратор\documents\visual studio 2012\Projects\torrent_searcher\torrent_searcher\Debug\CL.read.1.tlog
c:\Users\администратор\documents\visual studio 2012\Projects\torrent_searcher\torrent_searcher\Debug\CL.write.1.tlog
c:\Users\администратор\documents\visual studio 2012\Projects\torrent_searcher\torrent_searcher\Debug\link.1136-cvtres.read.1.tlog
c:\Users\администратор\documents\visual studio 2012\Projects\torrent_searcher\torrent_searcher\Debug\link.1136-cvtres.write.1.tlog
c:\Users\администратор\documents\visual studio 2012\Projects\torrent_searcher\torrent_searcher\Debug\link.1136-rc.read.1.tlog
c:\Users\администратор\documents\visual studio 2012\Projects\torrent_searcher\torrent_searcher\Debug\link.1136-rc.write.1.tlog
c:\Users\администратор\documents\visual studio 2012\Projects\torrent_searcher\torrent_searcher\Debug\link.1136.read.1.tlog
c:\Users\администратор\documents\visual studio 2012\Projects\torrent_searcher\torrent_searcher\Debug\link.1136.write.1.tlog
c:\Users\администратор\documents\visual studio 2012\Projects\torrent_searcher\torrent_searcher\Debug\link.1988-cvtres.read.1.tlog
c:\Users\администратор\documents\visual studio 2012\Projects\torrent_searcher\torrent_searcher\Debug\link.1988-cvtres.write.1.tlog
c:\Users\администратор\documents\visual studio 2012\Projects\torrent_searcher\torrent_searcher\Debug\link.1988-rc.read.1.tlog
c:\Users\администратор\documents\visual studio 2012\Projects\torrent_searcher\torrent_searcher\Debug\link.1988-rc.write.1.tlog
c:\Users\администратор\documents\visual studio 2012\Projects\torrent_searcher\torrent_searcher\Debug\link.1988.read.1.tlog
c:\Users\администратор\documents\visual studio 2012\Projects\torrent_searcher\torrent_searcher\Debug\link.1988.write.1.tlog
c:\Users\администратор\documents\visual studio 2012\Projects\torrent_searcher\torrent_searcher\Debug\link.2108-cvtres.read.1.tlog
c:\Users\администратор\documents\visual studio 2012\Projects\torrent_searcher\torrent_searcher\Debug\link.2108-cvtres.write.1.tlog
c:\Users\администратор\documents\visual studio 2012\Projects\torrent_searcher\torrent_searcher\Debug\link.2108-rc.read.1.tlog
c:\Users\администратор\documents\visual studio 2012\Projects\torrent_searcher\torrent_searcher\Debug\link.2108-rc.write.1.tlog
c:\Users\администратор\documents\visual studio 2012\Projects\torrent_searcher\torrent_searcher\Debug\link.2108.read.1.tlog
c:\Users\администратор\documents\visual studio 2012\Projects\torrent_searcher\torrent_searcher\Debug\link.2108.write.1.tlog
c:\Users\администратор\documents\visual studio 2012\Projects\torrent_searcher\torrent_searcher\Debug\link.2492-cvtres.read.1.tlog
c:\Users\администратор\documents\visual studio 2012\Projects\torrent_searcher\torrent_searcher\Debug\link.2492-cvtres.write.1.tlog
c:\Users\администратор\documents\visual studio 2012\Projects\torrent_searcher\torrent_searcher\Debug\link.2492-rc.read.1.tlog
c:\Users\администратор\documents\visual studio 2012\Projects\torrent_searcher\torrent_searcher\Debug\link.2492-rc.write.1.tlog
c:\Users\администратор\documents\visual studio 2012\Projects\torrent_searcher\torrent_searcher\Debug\link.2492.read.1.tlog
c:\Users\администратор\documents\visual studio 2012\Projects\torrent_searcher\torrent_searcher\Debug\link.2492.write.1.tlog
c:\Users\администратор\documents\visual studio 2012\Projects\torrent_searcher\torrent_searcher\Debug\link.3112-cvtres.read.1.tlog
c:\Users\администратор\documents\visual studio 2012\Projects\torrent_searcher\torrent_searcher\Debug\link.3112-cvtres.write.1.tlog
c:\Users\администратор\documents\visual studio 2012\Projects\torrent_searcher\torrent_searcher\Debug\link.3112-rc.read.1.tlog
c:\Users\администратор\documents\visual studio 2012\Projects\torrent_searcher\torrent_searcher\Debug\link.3112-rc.write.1.tlog
c:\Users\администратор\documents\visual studio 2012\Projects\torrent_searcher\torrent_searcher\Debug\link.3112.read.1.tlog
c:\Users\администратор\documents\visual studio 2012\Projects\torrent_searcher\torrent_searcher\Debug\link.3112.write.1.tlog
c:\Users\администратор\documents\visual studio 2012\Projects\torrent_searcher\torrent_searcher\Debug\link.3160-cvtres.read.1.tlog
c:\Users\администратор\documents\visual studio 2012\Projects\torrent_searcher\torrent_searcher\Debug\link.3160-cvtres.write.1.tlog
c:\Users\администратор\documents\visual studio 2012\Projects\torrent_searcher\torrent_searcher\Debug\link.3160-rc.read.1.tlog
c:\Users\администратор\documents\visual studio 2012\Projects\torrent_searcher\torrent_searcher\Debug\link.3160-rc.write.1.tlog
c:\Users\администратор\documents\visual studio 2012\Projects\torrent_searcher\torrent_searcher\Debug\link.3160.read.1.tlog
c:\Users\администратор\documents\visual studio 2012\Projects\torrent_searcher\torrent_searcher\Debug\link.3160.write.1.tlog
c:\Users\администратор\documents\visual studio 2012\Projects\torrent_searcher\torrent_searcher\Debug\link.3340-cvtres.read.1.tlog
c:\Users\администратор\documents\visual studio 2012\Projects\torrent_searcher\torrent_searcher\Debug\link.3340-cvtres.write.1.tlog
c:\Users\администратор\documents\visual studio 2012\Projects\torrent_searcher\torrent_searcher\Debug\link.3340-rc.read.1.tlog
c:\Users\администратор\documents\visual studio 2012\Projects\torrent_searcher\torrent_searcher\Debug\link.3340-rc.write.1.tlog
c:\Users\администратор\documents\visual studio 2012\Projects\torrent_searcher\torrent_searcher\Debug\link.3340.read.1.tlog
c:\Users\администратор\documents\visual studio 2012\Projects\torrent_searcher\torrent_searcher\Debug\link.3340.write.1.tlog
c:\Users\администратор\documents\visual studio 2012\Projects\torrent_searcher\torrent_searcher\Debug\link.3560-cvtres.read.1.tlog
c:\Users\администратор\documents\visual studio 2012\Projects\torrent_searcher\torrent_searcher\Debug\link.3560-cvtres.write.1.tlog
c:\Users\администратор\documents\visual studio 2012\Projects\torrent_searcher\torrent_searcher\Debug\link.3560-rc.read.1.tlog
c:\Users\администратор\documents\visual studio 2012\Projects\torrent_searcher\torrent_searcher\Debug\link.3560-rc.write.1.tlog
c:\Users\администратор\documents\visual studio 2012\Projects\torrent_searcher\torrent_searcher\Debug\link.3560.read.1.tlog
c:\Users\администратор\documents\visual studio 2012\Projects\torrent_searcher\torrent_searcher\Debug\link.3560.write.1.tlog
c:\Users\администратор\documents\visual studio 2012\Projects\torrent_searcher\torrent_searcher\Debug\link.3760-cvtres.read.1.tlog
c:\Users\администратор\documents\visual studio 2012\Projects\torrent_searcher\torrent_searcher\Debug\link.3760-cvtres.write.1.tlog
c:\Users\администратор\documents\visual studio 2012\Projects\torrent_searcher\torrent_searcher\Debug\link.3760-rc.read.1.tlog
c:\Users\администратор\documents\visual studio 2012\Projects\torrent_searcher\torrent_searcher\Debug\link.3760-rc.write.1.tlog
c:\Users\администратор\documents\visual studio 2012\Projects\torrent_searcher\torrent_searcher\Debug\link.3760.read.1.tlog
c:\Users\администратор\documents\visual studio 2012\Projects\torrent_searcher\torrent_searcher\Debug\link.3760.write.1.tlog
c:\Users\администратор\documents\visual studio 2012\Projects\torrent_searcher\torrent_searcher\Debug\link.3800-cvtres.read.1.tlog
c:\Users\администратор\documents\visual studio 2012\Projects\torrent_searcher\torrent_searcher\Debug\link.3800-cvtres.write.1.tlog
c:\Users\администратор\documents\visual studio 2012\Projects\torrent_searcher\torrent_searcher\Debug\link.3800-rc.read.1.tlog
c:\Users\администратор\documents\visual studio 2012\Projects\torrent_searcher\torrent_searcher\Debug\link.3800-rc.write.1.tlog
c:\Users\администратор\documents\visual studio 2012\Projects\torrent_searcher\torrent_searcher\Debug\link.3800.read.1.tlog
c:\Users\администратор\documents\visual studio 2012\Projects\torrent_searcher\torrent_searcher\Debug\link.3800.write.1.tlog
c:\Users\администратор\documents\visual studio 2012\Projects\torrent_searcher\torrent_searcher\Debug\link.3824-cvtres.read.1.tlog
c:\Users\администратор\documents\visual studio 2012\Projects\torrent_searcher\torrent_searcher\Debug\link.3824-cvtres.write.1.tlog
c:\Users\администратор\documents\visual studio 2012\Projects\torrent_searcher\torrent_searcher\Debug\link.3824-rc.read.1.tlog
c:\Users\администратор\documents\visual studio 2012\Projects\torrent_searcher\torrent_searcher\Debug\link.3824-rc.write.1.tlog
c:\Users\администратор\documents\visual studio 2012\Projects\torrent_searcher\torrent_searcher\Debug\link.3824.read.1.tlog
c:\Users\администратор\documents\visual studio 2012\Projects\torrent_searcher\torrent_searcher\Debug\link.3824.write.1.tlog
c:\Users\администратор\documents\visual studio 2012\Projects\torrent_searcher\torrent_searcher\Debug\link.4168-cvtres.read.1.tlog
c:\Users\администратор\documents\visual studio 2012\Projects\torrent_searcher\torrent_searcher\Debug\link.4168-cvtres.write.1.tlog
c:\Users\администратор\documents\visual studio 2012\Projects\torrent_searcher\torrent_searcher\Debug\link.4168-rc.read.1.tlog
c:\Users\администратор\documents\visual studio 2012\Projects\torrent_searcher\torrent_searcher\Debug\link.4168-rc.write.1.tlog
c:\Users\администратор\documents\visual studio 2012\Projects\torrent_searcher\torrent_searcher\Debug\link.4168.read.1.tlog
c:\Users\администратор\documents\visual studio 2012\Projects\torrent_searcher\torrent_searcher\Debug\link.4168.write.1.tlog
c:\Users\администратор\documents\visual studio 2012\Projects\torrent_searcher\torrent_searcher\Debug\link.4220-cvtres.read.1.tlog
c:\Users\администратор\documents\visual studio 2012\Projects\torrent_searcher\torrent_searcher\Debug\link.4220-cvtres.write.1.tlog
c:\Users\администратор\documents\visual studio 2012\Projects\torrent_searcher\torrent_searcher\Debug\link.4220-rc.read.1.tlog
c:\Users\администратор\documents\visual studio 2012\Projects\torrent_searcher\torrent_searcher\Debug\link.4220-rc.write.1.tlog
c:\Users\администратор\documents\visual studio 2012\Projects\torrent_searcher\torrent_searcher\Debug\link.4220.read.1.tlog
c:\Users\администратор\documents\visual studio 2012\Projects\torrent_searcher\torrent_searcher\Debug\link.4220.write.1.tlog
c:\Users\администратор\documents\visual studio 2012\Projects\torrent_searcher\torrent_searcher\Debug\link.4324-cvtres.read.1.tlog
c:\Users\администратор\documents\visual studio 2012\Projects\torrent_searcher\torrent_searcher\Debug\link.4324-cvtres.write.1.tlog
c:\Users\администратор\documents\visual studio 2012\Projects\torrent_searcher\torrent_searcher\Debug\link.4324-rc.read.1.tlog
c:\Users\администратор\documents\visual studio 2012\Projects\torrent_searcher\torrent_searcher\Debug\link.4324-rc.write.1.tlog
c:\Users\администратор\documents\visual studio 2012\Projects\torrent_searcher\torrent_searcher\Debug\link.4324.read.1.tlog
c:\Users\администратор\documents\visual studio 2012\Projects\torrent_searcher\torrent_searcher\Debug\link.4324.write.1.tlog
c:\Users\администратор\documents\visual studio 2012\Projects\torrent_searcher\torrent_searcher\Debug\link.4540-cvtres.read.1.tlog
c:\Users\администратор\documents\visual studio 2012\Projects\torrent_searcher\torrent_searcher\Debug\link.4540-cvtres.write.1.tlog
c:\Users\администратор\documents\visual studio 2012\Projects\torrent_searcher\torrent_searcher\Debug\link.4540-rc.read.1.tlog
c:\Users\администратор\documents\visual studio 2012\Projects\torrent_searcher\torrent_searcher\Debug\link.4540-rc.write.1.tlog
c:\Users\администратор\documents\visual studio 2012\Projects\torrent_searcher\torrent_searcher\Debug\link.4540.read.1.tlog
c:\Users\администратор\documents\visual studio 2012\Projects\torrent_searcher\torrent_searcher\Debug\link.4540.write.1.tlog
c:\Users\администратор\documents\visual studio 2012\Projects\torrent_searcher\torrent_searcher\Debug\link.4600-cvtres.read.1.tlog
c:\Users\администратор\documents\visual studio 2012\Projects\torrent_searcher\torrent_searcher\Debug\link.4600-cvtres.write.1.tlog
c:\Users\администратор\documents\visual studio 2012\Projects\torrent_searcher\torrent_searcher\Debug\link.4600-rc.read.1.tlog
c:\Users\администратор\documents\visual studio 2012\Projects\torrent_searcher\torrent_searcher\Debug\link.4600-rc.write.1.tlog
c:\Users\администратор\documents\visual studio 2012\Projects\torrent_searcher\torrent_searcher\Debug\link.4600.read.1.tlog
c:\Users\администратор\documents\visual studio 2012\Projects\torrent_searcher\torrent_searcher\Debug\link.4600.write.1.tlog
c:\Users\администратор\documents\visual studio 2012\Projects\torrent_searcher\torrent_searcher\Debug\link.4632-cvtres.read.1.tlog
c:\Users\администратор\documents\visual studio 2012\Projects\torrent_searcher\torrent_searcher\Debug\link.4632-cvtres.write.1.tlog
c:\Users\администратор\documents\visual studio 2012\Projects\torrent_searcher\torrent_searcher\Debug\link.4632-rc.read.1.tlog
c:\Users\администратор\documents\visual studio 2012\Projects\torrent_searcher\torrent_searcher\Debug\link.4632-rc.write.1.tlog
c:\Users\администратор\documents\visual studio 2012\Projects\torrent_searcher\torrent_searcher\Debug\link.4632.read.1.tlog
c:\Users\администратор\documents\visual studio 2012\Projects\torrent_searcher\torrent_searcher\Debug\link.4632.write.1.tlog
c:\Users\администратор\documents\visual studio 2012\Projects\torrent_searcher\torrent_searcher\Debug\link.4812-cvtres.read.1.tlog
c:\Users\администратор\documents\visual studio 2012\Projects\torrent_searcher\torrent_searcher\Debug\link.4812-cvtres.write.1.tlog
c:\Users\администратор\documents\visual studio 2012\Projects\torrent_searcher\torrent_searcher\Debug\link.4812-rc.read.1.tlog
c:\Users\администратор\documents\visual studio 2012\Projects\torrent_searcher\torrent_searcher\Debug\link.4812-rc.write.1.tlog
c:\Users\администратор\documents\visual studio 2012\Projects\torrent_searcher\torrent_searcher\Debug\link.4812.read.1.tlog
c:\Users\администратор\documents\visual studio 2012\Projects\torrent_searcher\torrent_searcher\Debug\link.4812.write.1.tlog
c:\Users\администратор\documents\visual studio 2012\Projects\torrent_searcher\torrent_searcher\Debug\link.4836-cvtres.read.1.tlog
c:\Users\администратор\documents\visual studio 2012\Projects\torrent_searcher\torrent_searcher\Debug\link.4836-cvtres.write.1.tlog
c:\Users\администратор\documents\visual studio 2012\Projects\torrent_searcher\torrent_searcher\Debug\link.4836-rc.read.1.tlog
c:\Users\администратор\documents\visual studio 2012\Projects\torrent_searcher\torrent_searcher\Debug\link.4836-rc.write.1.tlog
c:\Users\администратор\documents\visual studio 2012\Projects\torrent_searcher\torrent_searcher\Debug\link.4836.read.1.tlog
c:\Users\администратор\documents\visual studio 2012\Projects\torrent_searcher\torrent_searcher\Debug\link.4836.write.1.tlog
c:\Users\администратор\documents\visual studio 2012\Projects\torrent_searcher\torrent_searcher\Debug\link.5028-cvtres.read.1.tlog
c:\Users\администратор\documents\visual studio 2012\Projects\torrent_searcher\torrent_searcher\Debug\link.5028-cvtres.write.1.tlog
c:\Users\администратор\documents\visual studio 2012\Projects\torrent_searcher\torrent_searcher\Debug\link.5028-rc.read.1.tlog
c:\Users\администратор\documents\visual studio 2012\Projects\torrent_searcher\torrent_searcher\Debug\link.5028-rc.write.1.tlog
c:\Users\администратор\documents\visual studio 2012\Projects\torrent_searcher\torrent_searcher\Debug\link.5028.read.1.tlog
c:\Users\администратор\documents\visual studio 2012\Projects\torrent_searcher\torrent_searcher\Debug\link.5028.write.1.tlog
c:\Users\администратор\documents\visual studio 2012\Projects\torrent_searcher\torrent_searcher\Debug\link.5036-cvtres.read.1.tlog
c:\Users\администратор\documents\visual studio 2012\Projects\torrent_searcher\torrent_searcher\Debug\link.5036-cvtres.write.1.tlog
c:\Users\администратор\documents\visual studio 2012\Projects\torrent_searcher\torrent_searcher\Debug\link.5036-rc.read.1.tlog
c:\Users\администратор\documents\visual studio 2012\Projects\torrent_searcher\torrent_searcher\Debug\link.5036-rc.write.1.tlog
c:\Users\администратор\documents\visual studio 2012\Projects\torrent_searcher\torrent_searcher\Debug\link.5036.read.1.tlog
c:\Users\администратор\documents\visual studio 2012\Projects\torrent_searcher\torrent_searcher\Debug\link.5036.write.1.tlog
c:\Users\администратор\documents\visual studio 2012\Projects\torrent_searcher\torrent_searcher\Debug\link.5112-cvtres.read.1.tlog
c:\Users\администратор\documents\visual studio 2012\Projects\torrent_searcher\torrent_searcher\Debug\link.5112-cvtres.write.1.tlog
c:\Users\администратор\documents\visual studio 2012\Projects\torrent_searcher\torrent_searcher\Debug\link.5112-rc.read.1.tlog
c:\Users\администратор\documents\visual studio 2012\Projects\torrent_searcher\torrent_searcher\Debug\link.5112-rc.write.1.tlog
c:\Users\администратор\documents\visual studio 2012\Projects\torrent_searcher\torrent_searcher\Debug\link.5112.read.1.tlog
c:\Users\администратор\documents\visual studio 2012\Projects\torrent_searcher\torrent_searcher\Debug\link.5112.write.1.tlog
c:\Users\администратор\documents\visual studio 2012\Projects\torrent_searcher\torrent_searcher\Debug\link.5180-cvtres.read.1.tlog
c:\Users\администратор\documents\visual studio 2012\Projects\torrent_searcher\torrent_searcher\Debug\link.5180-cvtres.write.1.tlog
c:\Users\администратор\documents\visual studio 2012\Projects\torrent_searcher\torrent_searcher\Debug\link.5180-rc.read.1.tlog
c:\Users\администратор\documents\visual studio 2012\Projects\torrent_searcher\torrent_searcher\Debug\link.5180-rc.write.1.tlog
c:\Users\администратор\documents\visual studio 2012\Projects\torrent_searcher\torrent_searcher\Debug\link.5180.read.1.tlog
c:\Users\администратор\documents\visual studio 2012\Projects\torrent_searcher\torrent_searcher\Debug\link.5180.write.1.tlog
c:\Users\администратор\documents\visual studio 2012\Projects\torrent_searcher\torrent_searcher\Debug\link.5460-cvtres.read.1.tlog
c:\Users\администратор\documents\visual studio 2012\Projects\torrent_searcher\torrent_searcher\Debug\link.5460-cvtres.write.1.tlog
c:\Users\администратор\documents\visual studio 2012\Projects\torrent_searcher\torrent_searcher\Debug\link.5460-rc.read.1.tlog
c:\Users\администратор\documents\visual studio 2012\Projects\torrent_searcher\torrent_searcher\Debug\link.5460-rc.write.1.tlog
c:\Users\администратор\documents\visual studio 2012\Projects\torrent_searcher\torrent_searcher\Debug\link.5460.read.1.tlog
c:\Users\администратор\documents\visual studio 2012\Projects\torrent_searcher\torrent_searcher\Debug\link.5460.write.1.tlog
c:\Users\администратор\documents\visual studio 2012\Projects\torrent_searcher\torrent_searcher\Debug\link.5564-cvtres.read.1.tlog
c:\Users\администратор\documents\visual studio 2012\Projects\torrent_searcher\torrent_searcher\Debug\link.5564-cvtres.write.1.tlog
c:\Users\администратор\documents\visual studio 2012\Projects\torrent_searcher\torrent_searcher\Debug\link.5564-rc.read.1.tlog
c:\Users\администратор\documents\visual studio 2012\Projects\torrent_searcher\torrent_searcher\Debug\link.5564-rc.write.1.tlog
c:\Users\администратор\documents\visual studio 2012\Projects\torrent_searcher\torrent_searcher\Debug\link.5564.read.1.tlog
c:\Users\администратор\documents\visual studio 2012\Projects\torrent_searcher\torrent_searcher\Debug\link.5564.write.1.tlog
c:\Users\администратор\documents\visual studio 2012\Projects\torrent_searcher\torrent_searcher\Debug\link.5628-cvtres.read.1.tlog
c:\Users\администратор\documents\visual studio 2012\Projects\torrent_searcher\torrent_searcher\Debug\link.5628-cvtres.write.1.tlog
c:\Users\администратор\documents\visual studio 2012\Projects\torrent_searcher\torrent_searcher\Debug\link.5628-rc.read.1.tlog
c:\Users\администратор\documents\visual studio 2012\Projects\torrent_searcher\torrent_searcher\Debug\link.5628-rc.write.1.tlog
c:\Users\администратор\documents\visual studio 2012\Projects\torrent_searcher\torrent_searcher\Debug\link.5628.read.1.tlog
c:\Users\администратор\documents\visual studio 2012\Projects\torrent_searcher\torrent_searcher\Debug\link.5628.write.1.tlog
c:\Users\администратор\documents\visual studio 2012\Projects\torrent_searcher\torrent_searcher\Debug\link.5744-cvtres.read.1.tlog
c:\Users\администратор\documents\visual studio 2012\Projects\torrent_searcher\torrent_searcher\Debug\link.5744-cvtres.write.1.tlog
c:\Users\администратор\documents\visual studio 2012\Projects\torrent_searcher\torrent_searcher\Debug\link.5744-rc.read.1.tlog
c:\Users\администратор\documents\visual studio 2012\Projects\torrent_searcher\torrent_searcher\Debug\link.5744-rc.write.1.tlog
c:\Users\администратор\documents\visual studio 2012\Projects\torrent_searcher\torrent_searcher\Debug\link.5744.read.1.tlog
c:\Users\администратор\documents\visual studio 2012\Projects\torrent_searcher\torrent_searcher\Debug\link.5744.write.1.tlog
c:\Users\администратор\documents\visual studio 2012\Projects\torrent_searcher\torrent_searcher\Debug\link.5788-cvtres.read.1.tlog
c:\Users\администратор\documents\visual studio 2012\Projects\torrent_searcher\torrent_searcher\Debug\link.5788-cvtres.write.1.tlog
c:\Users\администратор\documents\visual studio 2012\Projects\torrent_searcher\torrent_searcher\Debug\link.5788-rc.read.1.tlog
c:\Users\администратор\documents\visual studio 2012\Projects\torrent_searcher\torrent_searcher\Debug\link.5788-rc.write.1.tlog
c:\Users\администратор\documents\visual studio 2012\Projects\torrent_searcher\torrent_searcher\Debug\link.5788.read.1.tlog
c:\Users\администратор\documents\visual studio 2012\Projects\torrent_searcher\torrent_searcher\Debug\link.5788.write.1.tlog
c:\Users\администратор\documents\visual studio 2012\Projects\torrent_searcher\torrent_searcher\Debug\link.5864-cvtres.read.1.tlog
c:\Users\администратор\documents\visual studio 2012\Projects\torrent_searcher\torrent_searcher\Debug\link.5864-cvtres.write.1.tlog
c:\Users\администратор\documents\visual studio 2012\Projects\torrent_searcher\torrent_searcher\Debug\link.5864-rc.read.1.tlog
c:\Users\администратор\documents\visual studio 2012\Projects\torrent_searcher\torrent_searcher\Debug\link.5864-rc.write.1.tlog
c:\Users\администратор\documents\visual studio 2012\Projects\torrent_searcher\torrent_searcher\Debug\link.5864.read.1.tlog
c:\Users\администратор\documents\visual studio 2012\Projects\torrent_searcher\torrent_searcher\Debug\link.5864.write.1.tlog
c:\Users\администратор\documents\visual studio 2012\Projects\torrent_searcher\torrent_searcher\Debug\link.6080-cvtres.read.1.tlog
c:\Users\администратор\documents\visual studio 2012\Projects\torrent_searcher\torrent_searcher\Debug\link.6080-cvtres.write.1.tlog
c:\Users\администратор\documents\visual studio 2012\Projects\torrent_searcher\torrent_searcher\Debug\link.6080-rc.read.1.tlog
c:\Users\администратор\documents\visual studio 2012\Projects\torrent_searcher\torrent_searcher\Debug\link.6080-rc.write.1.tlog
c:\Users\администратор\documents\visual studio 2012\Projects\torrent_searcher\torrent_searcher\Debug\link.6080.read.1.tlog
c:\Users\администратор\documents\visual studio 2012\Projects\torrent_searcher\torrent_searcher\Debug\link.6080.write.1.tlog
c:\Users\администратор\documents\visual studio 2012\Projects\torrent_searcher\torrent_searcher\Debug\link.command.1.tlog
c:\Users\администратор\documents\visual studio 2012\Projects\torrent_searcher\torrent_searcher\Debug\link.read.1.tlog
c:\Users\администратор\documents\visual studio 2012\Projects\torrent_searcher\torrent_searcher\Debug\link.write.1.tlog
c:\Users\администратор\documents\visual studio 2012\Projects\torrent_searcher\torrent_searcher\Debug\metagen.read.1.tlog
c:\Users\администратор\documents\visual studio 2012\Projects\torrent_searcher\torrent_searcher\Debug\metagen.write.1.tlog
c:\Users\администратор\documents\visual studio 2012\Projects\torrent_searcher\torrent_searcher\Debug\torrent_searcher.write.1.tlog
c:\Users\администратор\documents\visual studio 2012\Projects\torrent_searcher\torrent_searcher\Debug\vc110.pdb
c:\Users\администратор\documents\visual studio 2012\Projects\torrent_searcher\torrent_searcher\Debug\RSAENH.DLL.bi
c:\Users\администратор\documents\visual studio 2012\Projects\torrent_searcher\torrent_searcher\Debug\TZRES.DLL.bi
c:\users\администратор\documents\visual studio 2012\Projects\torrent_searcher\Debug\torrent_searcher.pdb
c:\users\администратор\documents\visual studio 2012\Projects\torrent_searcher\Debug\torrent_searcher.exe
c:\users\администратор\documents\visual studio 2012\Projects\torrent_searcher\Debug\torrent_searcher.ilk
